> Total time: 176.497028 s
--------------------------------------------------------------------------------------
| FILE                : FUNCTION                    : LINE   : TIME   : %     : #    |
--------------------------------------------------------------------------------------
| /home/zingle/.config: Anon                        :   106  : 167.3956: 94.8  :    1 |
| /usr/share/lua/5.3/l: __index                     :   258  : 101.7515: 57.7  : 479671|
| /usr/share/awesome/l: Anon                        :   584  : 89.5368: 50.7  : 4119 |
| /usr/share/lua/5.3/l: _element                    :   189  : 88.4136: 50.1  : 2017355|
| /usr/share/lua/5.3/l: inherited_class_element     :   132  : 85.8978: 48.7  : 975354|
| /usr/share/lua/5.3/l: Anon                        :   156  : 72.9346: 41.3  : 112705|
| /usr/share/lua/5.3/l: _element                    :   178  : 67.9977: 38.5  : 339235|
| /usr/share/awesome/l: done                        :   571  : 61.7897: 35.0  : 2738 |
| /usr/share/lua/5.3/l: inherited_gobject_element   :   232  : 61.1326: 34.6  : 636119|
| /usr/share/lua/5.3/l: Anon                        :   258  : 59.4167: 33.7  : 140552|
| /usr/share/awesome/l: Anon                        :   229  : 48.9452: 27.7  :  974 |
| /usr/share/awesome/l: Anon                        :   115  : 47.3558: 26.8  :    7 |
| /usr/share/awesome/l: Anon                        :   388  : 45.5555: 25.8  :  124 |
| /usr/share/awesome/l: do_redraw                   :    65  : 45.5542: 25.8  :  124 |
| /usr/share/awesome/l: Anon                        :   184  : 32.6013: 18.5  :   23 |
| /usr/share/awesome/l: get                         :    17  : 31.9153: 18.1  : 7377 |
| /usr/share/awesome/l: draw                        :   304  : 30.3556: 17.2  : 3648 |
| /usr/share/awesome/l: Anon                        :   145  : 28.2883: 16.0  : 2183 |
| /usr/share/lua/5.3/l: inherited_element           :   178  : 27.5026: 15.6  : 636119|
| /usr/share/awesome/l: start_read                  :   581  : 26.8406: 15.2  : 4093 |
| /usr/share/awesome/l: fit_widget                  :   282  : 25.5868: 14.5  : 5657 |
| /usr/share/awesome/l: read_lines                  :   569  : 24.1741: 13.7  : 2712 |
| /usr/share/awesome/l: update                      :   220  : 23.3140: 13.2  :   83 |
| /usr/share/awesome/l: hierarchy_update            :    85  : 22.3002: 12.6  : 2008 |
| /usr/share/awesome/l: Anon                        :    22  : 20.8196: 11.8  :  933 |
| ...zingle/.config/aw: func                        :    26  : 20.4009: 11.6  : 1096 |
| /usr/share/lua/5.3/l: _element                    :    49  : 17.6338: 10.0  : 302220|
| /usr/share/awesome/l: Anon                        :    55  : 13.6659: 7.7   : 2740 |
| /usr/share/awesome/l: new                         :   206  : 11.4332: 6.5   :   21 |
| /usr/share/awesome/l: Anon                        :   295  : 7.8389 : 4.4   :  356 |
| /usr/share/awesome/l: call                        :   320  : 7.0922 : 4.0   : 17036|
| /usr/share/awesome/l: Anon                        :   512  : 7.0897 : 4.0   : 1380 |
| ...ngle/.config/awes: get_children                :    93  : 6.8631 : 3.9   :  133 |
| /usr/share/awesome/l: func                        :    74  : 6.7042 : 3.8   :  235 |
| ...le/.config/awesom: func                        :    62  : 6.2909 : 3.6   :   11 |
| /usr/share/awesome/l: Anon                        :    31  : 5.8456 : 3.3   :  154 |
| /usr/share/awesome/l: drill                       :   453  : 5.6001 : 3.2   :  685 |
| /usr/share/awesome/l: setup_layout                :    45  : 5.4103 : 3.1   : 2613 |
| ...config/awesome/sr: callback                    :    15  : 4.9763 : 2.8   :    5 |
| /usr/share/awesome/l: Anon                        :   475  : 4.9632 : 2.8   : 2738 |
| ...le/.config/awesom: appmenu_button              :    30  : 4.9250 : 2.8   :  155 |
| /usr/share/awesome/l: Anon                        :   438  : 4.8883 : 2.8   :   19 |
| /usr/share/awesome/l: handle_motion               :   334  : 4.8881 : 2.8   :   19 |
| /usr/share/awesome/l: emit_difference             :   312  : 4.8336 : 2.7   :   43 |
| /home/zingle/.config: get_menu                    :   139  : 3.7279 : 2.1   :    3 |
| /usr/share/awesome/l: Anon                        :    52  : 3.6132 : 2.0   :  771 |
| /usr/share/awesome/l: Anon                        :    32  : 3.3957 : 1.9   :   81 |
| ...config/awesome/sr: callback                    :    21  : 3.1208 : 1.8   :  123 |
| ...ngle/.config/awes: canonical_get_children      :    19  : 3.1157 : 1.8   :  133 |
| /usr/share/awesome/l: emit_signal                 :   145  : 2.7903 : 1.6   : 11245|
| ...config/awesome/sr: get_menu                    :    31  : 2.5198 : 1.4   :    5 |
| ...config/awesome/sr: recursive_menu_gen          :    12  : 2.5187 : 1.4   :    2 |
| /home/zingle/.config: callback                    :   112  : 2.4936 : 1.4   :   10 |
| /home/zingle/.config: callback                    :     7  : 2.4487 : 1.4   :   10 |
| /home/zingle/.config: callback                    :    81  : 2.3981 : 1.4   :   10 |
| /usr/share/awesome/l: to_cairo_matrix             :   195  : 2.2033 : 1.2   : 3646 |
| /usr/share/awesome/l: get_grid_sizes              :   803  : 2.1189 : 1.2   :   17 |
| /usr/share/awesome/l: Anon                        :    27  : 2.0336 : 1.2   :  748 |
| /home/zingle/.config: get_canonical_menu          :    66  : 1.9275 : 1.1   :    5 |
| /home/zingle/.config: get_canonical_menu_info     :    31  : 1.9274 : 1.1   :    5 |
| /home/zingle/.config: callback                    :    67  : 1.8977 : 1.1   :    5 |
| /usr/share/awesome/l: check_widget                :   718  : 1.8782 : 1.1   : 16032|
| /home/zingle/.config: callback                    :    11  : 1.8771 : 1.1   :    5 |
| /usr/share/awesome/l: record_dependency           :   234  : 1.8691 : 1.1   : 9097 |
| /usr/share/awesome/l: Anon                        :   836  : 1.6466 : 0.9   :   13 |
| /home/zingle/.config: Anon                        :    41  : 1.6223 : 0.9   :    4 |
| /usr/share/awesome/l: update_function             :    96  : 1.5364 : 0.9   :   36 |
| /home/zingle/.config: callback                    :   134  : 1.5208 : 0.9   :   10 |
| /usr/share/awesome/l: Anon                        :   426  : 1.4942 : 0.8   :    4 |
| .../zingle/.config/a: func                        :     2  : 1.4782 : 0.8   :    2 |
| ...le/.config/awesom: fn                          :    70  : 1.4781 : 0.8   :    2 |
| /usr/share/awesome/l: Anon                        :   574  : 1.4160 : 0.8   :   17 |
| /usr/share/awesome/l: taglist_update              :   462  : 1.4156 : 0.8   :   17 |
| /home/zingle/.config: on_change                   :    71  : 1.4077 : 0.8   :  155 |
| /home/zingle/.config: cb                          :    73  : 1.4021 : 0.8   :  146 |
| /usr/share/lua/5.3/l: _element                    :    54  : 1.3506 : 0.8   : 6562 |
| /usr/share/awesome/l: func                        :    54  : 1.3152 : 0.7   :  796 |
| /usr/share/awesome/l: redraw_callback             :   442  : 1.3065 : 0.7   :  796 |
| /home/zingle/.config: Anon                        :    14  : 1.2898 : 0.7   :    7 |
| /usr/share/awesome/l: get_transformed             :    24  : 1.1151 : 0.6   :   92 |
| /usr/share/awesome/l: empty_clip                  :   294  : 1.0878 : 0.6   : 3646 |
| /usr/share/awesome/l: Anon                        :   488  : 1.0743 : 0.6   :    4 |
| /usr/share/awesome/l: execute                     :   693  : 1.0677 : 0.6   :    4 |
| /usr/share/awesome/l: find_signal                 :    31  : 0.8806 : 0.5   : 20579|
| /usr/share/awesome/l: make_widget                 :   631  : 0.8140 : 0.5   :  721 |
| /usr/share/awesome/l: func                        :   197  : 0.8106 : 0.5   :  146 |
| /usr/share/lua/5.3/l: variant_new                 :   104  : 0.7297 : 0.4   : 1053 |
| /usr/share/lua/5.3/l: __index                     :    76  : 0.7012 : 0.4   : 35835|
| /home/zingle/.config: restore_tags                :   217  : 0.6994 : 0.4   :    1 |
| /usr/share/awesome/l: setproperty                 :  1484  : 0.6562 : 0.4   :   13 |
| /usr/share/awesome/l: Anon                        :    95  : 0.6505 : 0.4   :   31 |
| /usr/share/awesome/l: clip                        :   115  : 0.6222 : 0.4   :   46 |
| /usr/share/awesome/l: bounding                    :   103  : 0.6204 : 0.4   :   46 |
| /usr/share/awesome/l: Anon                        :    30  : 0.6071 : 0.3   :  132 |
| /usr/share/lua/5.3/l: Anon                        :   177  : 0.6066 : 0.3   :  266 |
| /home/zingle/.config: Anon                        :   490  : 0.5929 : 0.3   :   18 |
| /usr/share/awesome/l: set_shape                   :    95  : 0.5927 : 0.3   :   15 |
| /home/zingle/.config: Anon                        :    24  : 0.5781 : 0.3   :    6 |
| /home/zingle/.config: next_char                   :   165  : 0.5680 : 0.3   : 17267|
| /usr/share/awesome/l: transform_rectangle         :   178  : 0.5672 : 0.3   : 4905 |
| /usr/share/awesome/l: set_bg                      :   168  : 0.5545 : 0.3   :  348 |
| /usr/share/awesome/l: crush                       :    45  : 0.5413 : 0.3   :  891 |
| ...ngle/.config/awes: target                      :   123  : 0.5356 : 0.3   :   29 |
| /usr/share/awesome/l: hierarchy_new               :    29  : 0.5337 : 0.3   : 1058 |
| /home/zingle/.config: func                        :    56  : 0.5320 : 0.3   :   29 |
| /usr/share/awesome/l: get_font                    :   158  : 0.5080 : 0.3   :  385 |
| /usr/share/awesome/l: popup                       :   581  : 0.5043 : 0.3   :    7 |
| /usr/share/awesome/l: load_font                   :   109  : 0.5041 : 0.3   :  392 |
| /usr/share/awesome/l: set_bgimage                 :   385  : 0.4915 : 0.3   :  153 |
| /usr/share/awesome/l: Anon                        :   869  : 0.4839 : 0.3   :    4 |
| /usr/share/awesome/l: set_font                    :   278  : 0.4838 : 0.3   :  197 |
| /usr/share/awesome/l: _apply_size_now             :   520  : 0.4730 : 0.3   :    6 |
| /usr/share/awesome/l: check                       :    21  : 0.4687 : 0.3   : 20579|
| .../awesome/src/widg: callback                    :    60  : 0.4566 : 0.3   :  179 |
| ...ingle/.config/awe: callback                    :    85  : 0.4550 : 0.3   :    2 |
| ...ingle/.config/awe: create_internal_widget      :    43  : 0.4550 : 0.3   :    2 |
| ...gle/.config/aweso: exitable_dialog             :    69  : 0.4549 : 0.3   :    2 |
| /home/zingle/.config: Anon                        :    73  : 0.4353 : 0.2   :   35 |
| /usr/share/awesome/l: Anon                        :   125  : 0.4312 : 0.2   :    9 |
| /home/zingle/.config: Anon                        :    11  : 0.4291 : 0.2   :   13 |
| /home/zingle/.config: press                       :   280  : 0.4291 : 0.2   :    7 |
| /home/zingle/.config: AboutToShow                 :   127  : 0.4242 : 0.2   :  249 |
| /usr/share/awesome/l: Anon                        :   666  : 0.4210 : 0.2   :   19 |
| /usr/share/awesome/l: tasklist_update             :   545  : 0.4206 : 0.2   :   19 |
| /usr/share/awesome/l: connect_signal              :    77  : 0.4080 : 0.2   : 3659 |
| /usr/share/awesome/l: set_markup_silently         :   152  : 0.3967 : 0.2   :  292 |
| /usr/share/awesome/l: set_ellipsize               :   214  : 0.3956 : 0.2   :  197 |
| /usr/share/awesome/l: view_only                   :  1376  : 0.3953 : 0.2   :    7 |
| /usr/share/awesome/l: set_wrap                    :   230  : 0.3845 : 0.2   :  197 |
| /usr/share/awesome/l: Anon                        :   144  : 0.3819 : 0.2   :   64 |
| /usr/share/awesome/l: ?                           :   179  : 0.3759 : 0.2   :  163 |
| /usr/share/awesome/l: button                      :   686  : 0.3725 : 0.2   :   14 |
| /usr/share/awesome/l: ?                           :   278  : 0.3567 : 0.2   :  188 |
| /usr/share/awesome/l: Anon                        :    29  : 0.3359 : 0.2   :  117 |
| /usr/share/awesome/l: Anon                        :    54  : 0.3342 : 0.2   :  275 |
| /usr/share/awesome/l: ?                           :   509  : 0.3263 : 0.2   :    2 |
| /usr/share/awesome/l: Anon                        :   300  : 0.3254 : 0.2   :   42 |
| ...ngle/.config/awes: appmenu_menu                :     8  : 0.3238 : 0.2   :    5 |
| /usr/share/awesome/l: hide                        :   628  : 0.3172 : 0.2   :   12 |
| /usr/share/awesome/l: weak_connect_signal         :   123  : 0.3167 : 0.2   : 3333 |
| /usr/share/awesome/l: __index                     :   158  : 0.3148 : 0.2   : 14584|
| /usr/share/awesome/l: set_image                   :    94  : 0.3135 : 0.2   :  126 |
| /usr/share/awesome/l: apply_size                  :   162  : 0.3114 : 0.2   :   29 |
| /usr/share/awesome/l: set_position                :   116  : 0.3085 : 0.2   :   32 |
| /usr/share/awesome/l: Anon                        :   228  : 0.3071 : 0.2   :   17 |
| /usr/share/awesome/l: Anon                        :   218  : 0.3034 : 0.2   :   10 |
| /usr/share/awesome/l: Anon                        :    35  : 0.2963 : 0.2   :   21 |
| /usr/share/awesome/l: update                      :    25  : 0.2950 : 0.2   :   21 |
| /usr/share/lua/5.3/l: variant_get                 :   196  : 0.2915 : 0.2   : 1061 |
| /home/zingle/.config: get_children                :   107  : 0.2870 : 0.2   :    5 |
| ...onfig/awesome/src: callback                    :    15  : 0.2736 : 0.2   : 1088 |
| /usr/share/awesome/l: transform_point             :   164  : 0.2710 : 0.2   : 20266|
| /usr/share/awesome/l: setup_dpi                   :    35  : 0.2694 : 0.2   : 2613 |
| /usr/share/awesome/l: Anon                        :   694  : 0.2607 : 0.1   :  105 |
| /usr/share/awesome/l: Anon                        :    47  : 0.2517 : 0.1   :   24 |
| /usr/share/awesome/l: check_focus                 :    23  : 0.2456 : 0.1   :   17 |
| /home/zingle/.config: GetLayout                   :   127  : 0.2426 : 0.1   :  133 |
| /usr/share/awesome/l: Anon                        :   470  : 0.2413 : 0.1   : 2300 |
| ...src/widgets/apple: Anon                        :    16  : 0.2311 : 0.1   :   10 |
| /usr/share/awesome/l: filter                      :   771  : 0.2276 : 0.1   :   58 |
| /usr/share/awesome/l: geometry_common             :   400  : 0.2266 : 0.1   :   35 |
| /usr/share/awesome/l: area_common                 :   373  : 0.2214 : 0.1   :   35 |
| /usr/share/awesome/l: func                        :   355  : 0.2135 : 0.1   :   29 |
| /usr/share/awesome/l: set_values                  :   319  : 0.2100 : 0.1   : 1096 |
| /usr/share/awesome/l: shape                       :   437  : 0.2054 : 0.1   :  225 |
| /usr/share/awesome/l: custom_template             :    67  : 0.2001 : 0.1   :   13 |
| /usr/share/awesome/l: make_widget_from_value      :   601  : 0.1991 : 0.1   :   20 |
| /usr/share/awesome/l: make_widget_declarative     :   556  : 0.1985 : 0.1   :   13 |
| /usr/share/awesome/l: minimizebutton              :   789  : 0.1912 : 0.1   :    7 |
| /home/zingle/.config: Anon                        :   163  : 0.1890 : 0.1   :   10 |
| /home/zingle/.config: reload_menu                 :    56  : 0.1888 : 0.1   :   10 |
| /home/zingle/.config: get_menu                    :     5  : 0.1885 : 0.1   :   10 |
| /home/zingle/.config: get_gtk_menu                :   111  : 0.1883 : 0.1   :   10 |
| /home/zingle/.config: get_gtk_menu_info           :    34  : 0.1882 : 0.1   :   10 |
| ...gle/.config/aweso: get_wallpaper               :    23  : 0.1834 : 0.1   :   11 |
| /usr/share/awesome/l: maximizedbutton             :   777  : 0.1817 : 0.1   :    7 |
| /home/zingle/.config: Anon                        :    27  : 0.1815 : 0.1   :   27 |
| /home/zingle/.config: mod_width                   :     6  : 0.1777 : 0.1   :   27 |
| /usr/share/lua/5.3/l: rectangle                   :    99  : 0.1762 : 0.1   : 7318 |
| /usr/share/awesome/l: set_bg                      :   240  : 0.1761 : 0.1   :   44 |
| /usr/share/awesome/l: Anon                        :   193  : 0.1750 : 0.1   :   23 |
| /home/zingle/.config: callback                    :    59  : 0.1684 : 0.1   :    1 |
| /home/zingle/.config: Anon                        :     7  : 0.1655 : 0.1   :    4 |
| ...config/awesome/sr: generate_wallpaper          :    16  : 0.1539 : 0.1   :   60 |
| /usr/share/awesome/l: Anon                        :    64  : 0.1519 : 0.1   :  764 |
| /home/zingle/.config: callback                    :    47  : 0.1517 : 0.1   :   59 |
| /usr/share/lua/5.3/l: xform_name                  :    92  : 0.1473 : 0.1   : 10955|
| /usr/share/awesome/l: move_next_to                :   376  : 0.1471 : 0.1   :    4 |
| /usr/share/awesome/l: func                        :   689  : 0.1456 : 0.1   : 4566 |
| /usr/share/awesome/l: add                         :    77  : 0.1449 : 0.1   :  367 |
| /usr/share/awesome/l: set_align                   :   262  : 0.1411 : 0.1   :  197 |
| ...le/.config/awesom: callback                    :    56  : 0.1375 : 0.1   :  175 |
| /usr/share/awesome/l: geometry                    :   467  : 0.1330 : 0.1   :   87 |
| /usr/share/awesome/l: set_text                    :   195  : 0.1305 : 0.1   :   46 |
| /usr/share/awesome/l: create_opaque_pattern       :   288  : 0.1299 : 0.1   :   44 |
| /usr/share/awesome/l: getproperty                 :  1467  : 0.1273 : 0.1   : 5307 |
| /usr/share/awesome/l: setup                       :   529  : 0.1244 : 0.1   :    7 |
| /usr/share/lua/5.3/l: __index                     :   218  : 0.1230 : 0.1   :  275 |
| /usr/share/awesome/l: set_text                    :   477  : 0.1212 : 0.1   :   42 |
| ...zingle/.config/aw: callback                    :    26  : 0.1196 : 0.1   :    8 |
| /usr/share/awesome/l: clear_caches                :   249  : 0.1195 : 0.1   : 5300 |
| /usr/share/awesome/l: fit_in_bounding             :   798  : 0.1189 : 0.1   :   15 |
| /usr/share/awesome/l: parse_table                 :   424  : 0.1155 : 0.1   :  685 |
| /usr/share/awesome/l: ?                           :   170  : 0.1099 : 0.1   :  768 |
| /home/zingle/.config: gtk_get_children            :    58  : 0.1017 : 0.1   :    5 |
| /home/zingle/.config: gtk_resolve_sections        :    29  : 0.0969 : 0.1   :    7 |
| /usr/share/awesome/l: Anon                        :   575  : 0.0922 : 0.1   :   19 |
| /home/zingle/.config: create_callback             :    51  : 0.0896 : 0.1   :    4 |
| /usr/share/lua/5.3/l: get_rectangle               :   758  : 0.0895 : 0.1   :  288 |
| /usr/share/awesome/l: get_cache                   :   217  : 0.0893 : 0.1   : 8638 |
| /usr/share/awesome/l: transform_distance          :   155  : 0.0891 : 0.1   : 20266|
| /usr/share/awesome/l: find_widgets                :   168  : 0.0878 : 0.0   :  618 |
| /usr/share/awesome/l: Anon                        :   237  : 0.0870 : 0.0   :    8 |
| /usr/share/awesome/l: placement                   :   638  : 0.0852 : 0.0   :    4 |
| /usr/share/awesome/l: again                       :   112  : 0.0836 : 0.0   :  371 |
| /usr/share/awesome/l: Anon                        :    77  : 0.0822 : 0.0   :  748 |
| /usr/share/lua/5.3/l: Anon                        :   785  : 0.0798 : 0.0   :  352 |
| /usr/share/awesome/l: set_widget                  :   110  : 0.0781 : 0.0   :  390 |
| /usr/share/lua/5.3/l: variant_new_basic           :    94  : 0.0746 : 0.0   : 1053 |
| /usr/share/lua/5.3/l: Anon                        :   801  : 0.0704 : 0.0   :  530 |
| ...gle/.config/aweso: exitable_dialog_box         :    13  : 0.0685 : 0.0   :    2 |
| /usr/share/awesome/l: stop                        :    99  : 0.0681 : 0.0   :  369 |
| /usr/share/awesome/l: find_widgets                :   213  : 0.0672 : 0.0   :   23 |
| /usr/share/awesome/l: __newindex                  :   171  : 0.0628 : 0.0   : 3152 |
| /usr/share/awesome/l: get_selected_tags           :   484  : 0.0612 : 0.0   :   76 |
| /usr/share/awesome/l: update                      :   694  : 0.0610 : 0.0   :   21 |
| /usr/share/awesome/l: ensure_pango_color          :   352  : 0.0608 : 0.0   :  124 |
| /usr/share/awesome/l: set_children                :    95  : 0.0608 : 0.0   :  232 |
| /usr/share/awesome/l: load_silently               :    75  : 0.0597 : 0.0   :  237 |
| /usr/share/awesome/l: set_widget                  :    74  : 0.0583 : 0.0   :  232 |
| /usr/share/awesome/l: source                      :   660  : 0.0570 : 0.0   :   17 |
| /usr/share/awesome/l: get_tags                    :   459  : 0.0558 : 0.0   :   87 |
| /usr/share/awesome/l: equals                      :   131  : 0.0546 : 0.0   :  585 |
| /usr/share/lua/5.3/l: Anon                        :   251  : 0.0543 : 0.0   :  133 |
| /usr/share/awesome/l: start                       :    86  : 0.0541 : 0.0   :  379 |
| /usr/share/lua/5.3/l: marshal_cell                :   135  : 0.0537 : 0.0   : 2012 |
| /usr/share/awesome/l: get_widget                  :   227  : 0.0535 : 0.0   : 10899|
| /usr/share/awesome/l: set_children                :   131  : 0.0523 : 0.0   :  195 |
| /usr/share/awesome/l: set_valign                  :   246  : 0.0499 : 0.0   :  197 |
| /usr/share/awesome/l: __mul                       :   115  : 0.0480 : 0.0   : 1925 |
| /usr/share/awesome/l: parse_color                 :    70  : 0.0479 : 0.0   :  310 |
| /usr/share/awesome/l: get                         :    98  : 0.0469 : 0.0   :   53 |
| /usr/share/awesome/l: from_sparse                 :    70  : 0.0446 : 0.0   :  674 |
| /usr/share/awesome/l: __newindex                  :   594  : 0.0429 : 0.0   :  304 |
| /usr/share/awesome/l: set_fg                      :   288  : 0.0429 : 0.0   :   44 |
| /usr/share/lua/5.3/l: _element                    :    78  : 0.0426 : 0.0   :  564 |
| ...ome/src/widgets/a: callback                    :    40  : 0.0419 : 0.0   :    1 |
| /usr/share/awesome/l: update_colors               :   575  : 0.0403 : 0.0   :    7 |
| /usr/share/awesome/l: get_size                    :   274  : 0.0383 : 0.0   : 7587 |
| /usr/share/lua/5.3/l: marshaller                  :    92  : 0.0378 : 0.0   : 1006 |
| /usr/share/awesome/l: layout                      :   312  : 0.0374 : 0.0   :   11 |
| /usr/share/awesome/l: new                         :    40  : 0.0371 : 0.0   : 1607 |
| /usr/share/awesome/l: modulename                  :   316  : 0.0369 : 0.0   :  721 |
| /usr/share/awesome/l: get_layout                  :   267  : 0.0369 : 0.0   :   11 |
| /usr/share/awesome/l: get_current_widget          :   331  : 0.0366 : 0.0   :    5 |
| /usr/share/awesome/l: get_current_widgets         :   308  : 0.0363 : 0.0   :    5 |
| /home/zingle/.config: Anon                        :     4  : 0.0363 : 0.0   :    5 |
| /home/zingle/.config: modal_notify                :    49  : 0.0360 : 0.0   :    5 |
| /usr/share/lua/5.3/l: xform_name                  :    74  : 0.0360 : 0.0   : 2812 |
| /home/zingle/.config: read                        :    64  : 0.0358 : 0.0   :  182 |
| /usr/share/awesome/l: get_draw_extents            :   267  : 0.0356 : 0.0   : 6650 |
| /usr/share/awesome/l: Anon                        :   476  : 0.0352 : 0.0   :  137 |
| ...g/awesome/src/wid: callback                    :    65  : 0.0348 : 0.0   :    2 |
| /usr/share/awesome/l: set_bg                      :   308  : 0.0347 : 0.0   :    7 |
| /usr/share/awesome/l: set_right                   :   170  : 0.0347 : 0.0   :  232 |
| /usr/share/awesome/l: func                        :    75  : 0.0343 : 0.0   :  410 |
| /usr/share/awesome/l: reset                       :   332  : 0.0340 : 0.0   :   99 |
| /usr/share/awesome/l: set_left                    :   170  : 0.0339 : 0.0   :  232 |
| /usr/share/awesome/l: set_bottom                  :   170  : 0.0328 : 0.0   :  232 |
| /usr/share/awesome/l: set_draw_empty              :   135  : 0.0327 : 0.0   :  232 |
| /usr/share/awesome/l: set_top                     :   170  : 0.0326 : 0.0   :  232 |
| /usr/share/awesome/l: set_color                   :   122  : 0.0311 : 0.0   :  232 |
| ...le/.config/awesom: Anon                        :    86  : 0.0293 : 0.0   :   13 |
| /usr/share/awesome/l: create                      :    23  : 0.0283 : 0.0   : 1927 |
| /usr/share/awesome/l: parameters                  :   171  : 0.0278 : 0.0   :   10 |
| /usr/share/awesome/l: layout_widget               :   330  : 0.0271 : 0.0   : 1716 |
| /usr/share/lua/5.3/l: is_type_of                  :    26  : 0.0264 : 0.0   : 1362 |
| ...le/.config/awesom: func                        :   160  : 0.0250 : 0.0   :  470 |
| /usr/share/awesome/l: ?                           :   398  : 0.0250 : 0.0   :    2 |
| /usr/share/awesome/l: set_markup                  :   179  : 0.0250 : 0.0   :  129 |
| /usr/share/awesome/l: _apply_shape                :   355  : 0.0249 : 0.0   :    2 |
| /usr/share/awesome/l: __newindex                  :   139  : 0.0244 : 0.0   :  181 |
| /usr/share/awesome/l: get_screen                  :    22  : 0.0225 : 0.0   : 1638 |
| /usr/share/awesome/l: ?                           :   195  : 0.0222 : 0.0   :    9 |
| /home/zingle/.config: func                        :    50  : 0.0217 : 0.0   :  235 |
| /usr/share/awesome/l: Anon                        :   355  : 0.0206 : 0.0   :  106 |
| /usr/share/lua/5.3/l: read_format                 :    69  : 0.0203 : 0.0   : 1186 |
| /usr/share/awesome/l: end_of_file                 :   323  : 0.0199 : 0.0   : 4119 |
| ...le/.config/awesom: func                        :    86  : 0.0199 : 0.0   :    2 |
| /usr/share/awesome/l: Anon                        :    43  : 0.0191 : 0.0   :  450 |
| /usr/share/awesome/l: ?                           :   168  : 0.0184 : 0.0   :   27 |
| /home/zingle/.config: gtk_get_action              :    14  : 0.0184 : 0.0   :    7 |
| /usr/share/awesome/l: Anon                        :    90  : 0.0181 : 0.0   :  405 |
| /usr/share/awesome/l: add_stops_table             :   162  : 0.0177 : 0.0   :    2 |
| /usr/share/awesome/l: get_matrix_to_parent        :   234  : 0.0176 : 0.0   : 3646 |
| /usr/share/awesome/l: get_opacity                 :    67  : 0.0171 : 0.0   : 3310 |
| /usr/share/awesome/l: func                        :   679  : 0.0171 : 0.0   :  123 |
| /usr/share/awesome/l: create_buttons              :    23  : 0.0166 : 0.0   :   13 |
| /usr/share/awesome/l: get_children                :   281  : 0.0163 : 0.0   : 3455 |
| /usr/share/lua/5.3/l: _element                    :   256  : 0.0163 : 0.0   : 15806|
| /home/zingle/.config: Anon                        :     0  : 0.0162 : 0.0   :    1 |
| /home/zingle/.config: load_state                  :   156  : 0.0162 : 0.0   :    1 |
| /usr/share/awesome/l: set_children                :   133  : 0.0158 : 0.0   :   28 |
| /usr/share/awesome/l: ?                           :   319  : 0.0157 : 0.0   :   56 |
| /usr/share/awesome/l: background_shape            :   458  : 0.0156 : 0.0   :   50 |
| /home/zingle/.config: callback                    :    64  : 0.0153 : 0.0   :    1 |
| /home/zingle/.config: update_pywal                :    65  : 0.0153 : 0.0   :    1 |
| /usr/share/awesome/l: create_pattern              :   276  : 0.0150 : 0.0   :   44 |
| /home/zingle/.config: write                       :    83  : 0.0149 : 0.0   :    2 |
| /usr/share/awesome/l: make_the_gc_obey            :    89  : 0.0148 : 0.0   : 3333 |
| /usr/share/awesome/l: Anon                        :    42  : 0.0147 : 0.0   :    3 |
| /usr/share/awesome/l: rounded_rect                :    65  : 0.0146 : 0.0   :   10 |
| /usr/share/awesome/l: setup_signals               :   472  : 0.0143 : 0.0   :    7 |
| /home/zingle/.config: Anon                        :    51  : 0.0141 : 0.0   :    1 |
| /home/zingle/.config: save_state                  :    25  : 0.0140 : 0.0   :    1 |
| /usr/share/awesome/l: clone_signal                :   474  : 0.0133 : 0.0   :  154 |
| /usr/share/awesome/l: get_all_children            :   155  : 0.0133 : 0.0   :  235 |
| /home/zingle/.config: callback                    :    43  : 0.0131 : 0.0   :    1 |
| /usr/share/awesome/l: join                        :    19  : 0.0130 : 0.0   :  147 |
| /usr/share/awesome/l: bar_shape                   :   458  : 0.0121 : 0.0   :   37 |
| /usr/share/lua/5.3/l: Anon                        :    71  : 0.0119 : 0.0   :    5 |
| /home/zingle/.config: get_saved_screen            :   140  : 0.0118 : 0.0   :    2 |
| /usr/share/awesome/l: delayed_call                :   240  : 0.0117 : 0.0   :  221 |
| /usr/share/awesome/l: get                         :  1170  : 0.0117 : 0.0   :  342 |
| /usr/share/awesome/l: func                        :    57  : 0.0115 : 0.0   :  327 |
| .../awesome/src/widg: split                       :     9  : 0.0115 : 0.0   :  181 |
| /usr/share/awesome/l: arrange                     :   227  : 0.0115 : 0.0   :    9 |
| /home/zingle/.config: screen_table                :    54  : 0.0114 : 0.0   :    2 |
| /home/zingle/.config: GetMenuForWindow            :   127  : 0.0114 : 0.0   :    4 |
| /usr/share/awesome/l: get_widget_context          :    32  : 0.0110 : 0.0   :  104 |
| /usr/share/awesome/l: with_shell                  :   437  : 0.0105 : 0.0   :    5 |
| /usr/share/awesome/l: draw                        :   394  : 0.0103 : 0.0   :  936 |
| /usr/share/lua/5.3/l: new                         :    30  : 0.0103 : 0.0   :   15 |
| /home/zingle/.config: decode                      :   375  : 0.0102 : 0.0   :    1 |
| /usr/share/awesome/l: digg_children               :   140  : 0.0102 : 0.0   :  235 |
| /usr/share/lua/5.3/l: loader                      :    56  : 0.0102 : 0.0   :    5 |
| /usr/share/lua/5.3/l: load_class                  :   241  : 0.0101 : 0.0   :    5 |
| /usr/share/awesome/l: Anon                        :   693  : 0.0099 : 0.0   :   84 |
| /usr/share/awesome/l: Anon                        :   523  : 0.0095 : 0.0   : 1373 |
| /usr/share/awesome/l: set_fg                      :   316  : 0.0093 : 0.0   :    7 |
| /usr/share/awesome/l: Anon                        :    20  : 0.0092 : 0.0   :    6 |
| /home/zingle/.config: callback                    :    18  : 0.0088 : 0.0   :    2 |
| /usr/share/awesome/l: Anon                        :   172  : 0.0085 : 0.0   :    1 |
| /usr/share/awesome/l: set_bgimage                 :   273  : 0.0085 : 0.0   :   26 |
| ...ig/awesome/src/wi: clienticon_or_xorg_set_corre:     9  : 0.0084 : 0.0   :    8 |
| /home/zingle/.config: Start                       :   127  : 0.0080 : 0.0   :    5 |
| /usr/share/awesome/l: Anon                        :   434  : 0.0079 : 0.0   :    8 |
| /usr/share/awesome/l: get                         :   109  : 0.0077 : 0.0   :   11 |
| /usr/share/awesome/l: func                        :   476  : 0.0074 : 0.0   :   50 |
| /usr/share/awesome/l: __index                     :   587  : 0.0074 : 0.0   :  230 |
| /usr/share/lua/5.3/l: index                       :   157  : 0.0072 : 0.0   : 1523 |
| /usr/share/awesome/l: layout_callback             :   459  : 0.0072 : 0.0   :  327 |
| /usr/share/awesome/l: disconnect_signal           :   133  : 0.0071 : 0.0   :  159 |
| /usr/share/awesome/l: in_table                    :   313  : 0.0071 : 0.0   :  196 |
| /usr/share/awesome/l: __index                     :   129  : 0.0070 : 0.0   : 1119 |
| /usr/share/awesome/l: get_matrix_to_device        :   242  : 0.0066 : 0.0   : 1223 |
| ...onfig/awesome/src: client_or_tag_floating      :     5  : 0.0065 : 0.0   :   42 |
| /usr/share/awesome/l: __index                     :   265  : 0.0065 : 0.0   : 1429 |
| /usr/share/awesome/l: us                          :   685  : 0.0065 : 0.0   :   93 |
| /usr/share/awesome/l: get_floating                :   784  : 0.0063 : 0.0   :   72 |
| /usr/share/awesome/l: Anon                        :   799  : 0.0062 : 0.0   :    8 |
| /usr/share/awesome/l: set_spacing                 :   409  : 0.0061 : 0.0   :   28 |
| /usr/share/awesome/l: callback                    :   401  : 0.0061 : 0.0   :    4 |
| /usr/share/awesome/l: ?                           :    94  : 0.0058 : 0.0   :    2 |
| /usr/share/awesome/l: add_to_object               :   602  : 0.0057 : 0.0   :   25 |
| ...e/zingle/.config/: Anon                        :   275  : 0.0057 : 0.0   :   16 |
| /home/zingle/.config: pidwatch                    :    12  : 0.0056 : 0.0   :    3 |
| ...e/zingle/.config/: hide                        :   181  : 0.0055 : 0.0   :   16 |
| /usr/share/awesome/l: Anon                        :   702  : 0.0054 : 0.0   :  389 |
| /usr/share/awesome/l: Anon                        :    36  : 0.0054 : 0.0   : 7731 |
| /usr/share/awesome/l: matching_rules              :   259  : 0.0054 : 0.0   :    4 |
| /usr/share/lua/5.3/l: __index                     :    71  : 0.0054 : 0.0   :   21 |
| /usr/share/awesome/l: Anon                        :    67  : 0.0053 : 0.0   :    1 |
| /usr/share/awesome/l: fill_space                  :   343  : 0.0052 : 0.0   :   28 |
| /home/zingle/.config: Anon                        :   167  : 0.0051 : 0.0   :   10 |
| /usr/share/awesome/l: Anon                        :   258  : 0.0051 : 0.0   :   43 |
| /usr/share/awesome/l: matches                     :   249  : 0.0051 : 0.0   :   16 |
| /usr/share/awesome/l: set                         :   112  : 0.0050 : 0.0   :    1 |
| /usr/share/awesome/l: Anon                        :    53  : 0.0048 : 0.0   :   37 |
| /usr/share/awesome/l: subsets                     :    44  : 0.0045 : 0.0   :   35 |
| /usr/share/awesome/l: get_color                   :   489  : 0.0044 : 0.0   :   78 |
| /usr/share/awesome/l: match_any                   :   228  : 0.0043 : 0.0   :   20 |
| /home/zingle/.config: Anon                        :    18  : 0.0043 : 0.0   :   23 |
| /usr/share/awesome/l: fix_new_geometry            :   350  : 0.0042 : 0.0   :   38 |
| /usr/share/lua/5.3/l: set_source_rgba             :    90  : 0.0041 : 0.0   :  167 |
| /usr/share/awesome/l: Anon                        :   439  : 0.0041 : 0.0   :    5 |
| /home/zingle/.config: press                       :   352  : 0.0041 : 0.0   :    7 |
| /usr/share/awesome/l: handle_leave                :   329  : 0.0041 : 0.0   :    5 |
| /home/zingle/.config: callback                    :    45  : 0.0040 : 0.0   :    1 |
| /usr/share/awesome/l: set_children                :   202  : 0.0040 : 0.0   :   11 |
| /home/zingle/.config: callback                    :    78  : 0.0040 : 0.0   :    1 |
| /usr/share/awesome/l: get_visible                 :    49  : 0.0039 : 0.0   :  748 |
| /usr/share/lua/5.3/l: find_marshaller             :   143  : 0.0039 : 0.0   :  147 |
| /usr/share/awesome/l: _do_complete_repaint        :   400  : 0.0039 : 0.0   :  141 |
| /usr/share/awesome/l: set_widget                  :    72  : 0.0035 : 0.0   :   16 |
| /usr/share/awesome/l: get_relative_regions        :   696  : 0.0035 : 0.0   :    4 |
| /usr/share/awesome/l: get_children_by_id          :   516  : 0.0035 : 0.0   :  261 |
| ...e/zingle/.config/: gvariant_ipairs             :     5  : 0.0034 : 0.0   :  143 |
| /home/zingle/.config: init                        :   115  : 0.0034 : 0.0   :   11 |
| /usr/share/awesome/l: find_best_icon              :    13  : 0.0033 : 0.0   :   47 |
| /usr/share/awesome/l: arrange                     :   213  : 0.0032 : 0.0   :   88 |
| ...ngle/.config/awes: init                        :    98  : 0.0032 : 0.0   :  254 |
| /usr/share/awesome/l: set_widget                  :   201  : 0.0032 : 0.0   :    7 |
| /home/zingle/.config: Anon                        :    71  : 0.0032 : 0.0   :    1 |
| /usr/share/lua/5.3/l: loader                      :    52  : 0.0032 : 0.0   :    1 |
| /usr/share/awesome/l: setup_signals               :   350  : 0.0031 : 0.0   :   11 |
| ...fig/awesome/src/w: Anon                        :    72  : 0.0031 : 0.0   :    5 |
| /usr/share/lua/5.3/l: load_interface              :   220  : 0.0031 : 0.0   :    1 |
| /home/zingle/.config: get_font                    :     6  : 0.0031 : 0.0   :  163 |
| /usr/share/awesome/l: ?                           :    24  : 0.0030 : 0.0   :  258 |
| /usr/share/awesome/l: get_screen                  :   235  : 0.0029 : 0.0   :  209 |
| /usr/share/awesome/l: Anon                        :   284  : 0.0028 : 0.0   :   25 |
| /usr/share/lua/5.3/l: load                        :   185  : 0.0028 : 0.0   :    4 |
| ...config/awesome/sr: should_show_titlebars       :     5  : 0.0027 : 0.0   :   15 |
| /usr/share/awesome/l: calc_timeout                :    67  : 0.0027 : 0.0   :  128 |
| /usr/share/awesome/l: visible                     :   205  : 0.0027 : 0.0   :   21 |
| /usr/share/awesome/l: xml_escape                  :    16  : 0.0027 : 0.0   :  171 |
| /usr/share/awesome/l: ?                           :   282  : 0.0027 : 0.0   :   29 |
| /usr/share/awesome/l: tiled                       :   223  : 0.0026 : 0.0   :   10 |
| /usr/share/awesome/l: Anon                        :   669  : 0.0026 : 0.0   :   19 |
| ...le/.config/awesom: format_label                :    13  : 0.0026 : 0.0   :  155 |
| /usr/share/lua/5.3/l: from_typeinfo               :    45  : 0.0026 : 0.0   :  132 |
| /usr/share/awesome/l: clone_signal                :   353  : 0.0026 : 0.0   :  110 |
| /home/zingle/.config: ensure_client_decoration    :     7  : 0.0025 : 0.0   :   43 |
| /usr/share/awesome/l: Anon                        :  1597  : 0.0025 : 0.0   :    2 |
| ...zingle/.config/aw: Anon                        :    65  : 0.0025 : 0.0   :    1 |
| /usr/share/awesome/l: ?                           :   302  : 0.0025 : 0.0   :   27 |
| ...zingle/.config/aw: update_dropdown_text        :    51  : 0.0025 : 0.0   :    1 |
| /usr/share/awesome/l: get                         :   494  : 0.0025 : 0.0   :  130 |
| /usr/share/awesome/l: ?                           :   320  : 0.0024 : 0.0   :   27 |
| ...config/awesome/sr: generate_wallpaper_iter     :    67  : 0.0024 : 0.0   :   60 |
| /home/zingle/.config: Anon                        :    35  : 0.0024 : 0.0   :    8 |
| /usr/share/awesome/l: ?                           :   103  : 0.0024 : 0.0   :   17 |
| /usr/share/awesome/l: Anon                        :    57  : 0.0024 : 0.0   :   91 |
| /usr/share/awesome/l: ?                           :   341  : 0.0023 : 0.0   :    8 |
| /home/zingle/.config: create_callback             :    66  : 0.0023 : 0.0   :    9 |
| /usr/share/awesome/l: set_children                :    93  : 0.0023 : 0.0   :    8 |
| ...fig/awesome/src/w: Anon                        :     6  : 0.0023 : 0.0   :    1 |
| /usr/share/lua/5.3/l: get_category                :    28  : 0.0023 : 0.0   :   35 |
| /home/zingle/.config: init                        :    59  : 0.0022 : 0.0   :    1 |
| /home/zingle/.config: dim                         :    26  : 0.0022 : 0.0   :    1 |
| /home/zingle/.config: save_state                  :   147  : 0.0022 : 0.0   :    1 |
| /usr/share/awesome/l: _real_draw                  :   181  : 0.0022 : 0.0   :    1 |
| /home/zingle/.config: __index                     :   125  : 0.0022 : 0.0   :  391 |
| /home/zingle/.config: Anon                        :   452  : 0.0021 : 0.0   :    2 |
| /usr/share/awesome/l: get_screen                  :    28  : 0.0021 : 0.0   :  161 |
| ...e/.config/awesome: update_album_art            :    16  : 0.0021 : 0.0   :    1 |
| /home/zingle/.config: callback                    :    27  : 0.0021 : 0.0   :    1 |
| /usr/share/awesome/l: get_dpi                     :    84  : 0.0021 : 0.0   :  130 |
| ...config/awesome/sr: async_cb                    :    75  : 0.0021 : 0.0   :   50 |
| /home/zingle/.config: press                       :   105  : 0.0021 : 0.0   :    1 |
| /usr/share/awesome/l: set_expand                  :   251  : 0.0020 : 0.0   :   11 |
| /usr/share/awesome/l: __index                     :    31  : 0.0020 : 0.0   :    1 |
| /home/zingle/.config: callback                    :    56  : 0.0020 : 0.0   :    1 |
| /home/zingle/.config: callback                    :    41  : 0.0019 : 0.0   :    1 |
| /usr/share/awesome/l: ?                           :   421  : 0.0019 : 0.0   :    2 |
| /home/zingle/.config: set_correct_playback_button_:    32  : 0.0019 : 0.0   :    1 |
| /usr/share/awesome/l: max_value                   :   226  : 0.0019 : 0.0   :   34 |
| /usr/share/awesome/l: set_first                   :   156  : 0.0018 : 0.0   :   22 |
| /usr/share/awesome/l: draw_shape                  :   144  : 0.0017 : 0.0   :    1 |
| /usr/share/awesome/l: ?                           :   101  : 0.0017 : 0.0   :   10 |
| /usr/share/awesome/l: update_urgent               :  1571  : 0.0017 : 0.0   :    2 |
| /home/zingle/.config: deep_copy                   :     5  : 0.0017 : 0.0   :   40 |
| /usr/share/awesome/l: fit_direction               :   840  : 0.0017 : 0.0   :   26 |
| /usr/share/awesome/l: get_children                :   129  : 0.0017 : 0.0   :  235 |
| /usr/share/awesome/l: to_selected_tags            :   529  : 0.0016 : 0.0   :    1 |
| /usr/share/lua/5.3/l: mark_array_length           :    37  : 0.0016 : 0.0   :   45 |
| /usr/share/awesome/l: filter                      :   650  : 0.0016 : 0.0   :  153 |
| /usr/share/awesome/l: _do_tasklist_update         :   673  : 0.0016 : 0.0   :   89 |
| /usr/share/awesome/l: subset_mask_apply           :    11  : 0.0016 : 0.0   :  105 |
| /usr/share/awesome/l: ?                           :    76  : 0.0015 : 0.0   :   10 |
| ...ngle/.config/awes: func                        :    34  : 0.0015 : 0.0   :    2 |
| /usr/share/awesome/l: set                         :  1194  : 0.0015 : 0.0   :   27 |
| /usr/share/awesome/l: set_widget                  :   195  : 0.0014 : 0.0   :    8 |
| /usr/share/awesome/l: set_children                :   212  : 0.0013 : 0.0   :    8 |
| /home/zingle/.config: apply_geometry              :    12  : 0.0012 : 0.0   :    8 |
| /usr/share/awesome/l: tile_group                  :   168  : 0.0012 : 0.0   :    9 |
| /usr/share/awesome/l: filter                      :    16  : 0.0012 : 0.0   :   19 |
| /usr/share/awesome/l: filter                      :    78  : 0.0012 : 0.0   :   27 |
| /home/zingle/.config: target                      :   109  : 0.0012 : 0.0   :  237 |
| ...ngle/.config/awes: Anon                        :   122  : 0.0012 : 0.0   :   16 |
| /usr/share/lua/5.3/l: create                      :   312  : 0.0011 : 0.0   :   11 |
| /usr/share/awesome/l: set_second                  :   167  : 0.0011 : 0.0   :   22 |
| /home/zingle/.config: Anon                        :   438  : 0.0011 : 0.0   :    4 |
| /home/zingle/.config: Anon                        :    16  : 0.0011 : 0.0   :    9 |
| /usr/share/awesome/l: set_third                   :   179  : 0.0011 : 0.0   :   22 |
| /home/zingle/.config: connect_signal              :   160  : 0.0011 : 0.0   :   11 |
| /usr/share/awesome/l: getbycoord                  :    76  : 0.0011 : 0.0   :    4 |
| /usr/share/awesome/l: Anon                        :    83  : 0.0011 : 0.0   :   23 |
| /home/zingle/.config: serializer                  :   134  : 0.0011 : 0.0   :    1 |
| /usr/share/awesome/l: _do_taglist_update          :   581  : 0.0011 : 0.0   :   47 |
| /usr/share/lua/5.3/l: find_constructor            :    96  : 0.0010 : 0.0   :    6 |
| /usr/share/awesome/l: set_children                :   135  : 0.0010 : 0.0   :  203 |
| /usr/share/awesome/l: get_decoration              :   323  : 0.0010 : 0.0   :   34 |
| .../zingle/.config/a: all_identifiers             :    54  : 0.0010 : 0.0   :   10 |
| ...ngle/.config/awes: func                        :    67  : 0.0010 : 0.0   :    5 |
| .../zingle/.config/a: no_scroll                   :     1  : 0.0010 : 0.0   :  166 |
| /home/zingle/.config: exists                      :     9  : 0.0010 : 0.0   :   60 |
| /usr/share/awesome/l: get                         :   261  : 0.0009 : 0.0   :  171 |
| /usr/share/awesome/l: Anon                        :   400  : 0.0009 : 0.0   :   40 |
| /usr/share/awesome/l: update_layouts              :    93  : 0.0008 : 0.0   :    9 |
| /home/zingle/.config: get_bus                     :    36  : 0.0008 : 0.0   :   15 |
| /usr/share/awesome/l: get_bounding_geometry       :   294  : 0.0008 : 0.0   :   10 |
| /usr/share/awesome/l: Anon                        :  1633  : 0.0008 : 0.0   :    1 |
| /home/zingle/.config: update_callback             :    88  : 0.0008 : 0.0   :  144 |
| /usr/share/awesome/l: Anon                        :    51  : 0.0007 : 0.0   :    6 |
| /usr/share/awesome/l: button_signal               :   425  : 0.0007 : 0.0   :   22 |
| /usr/share/awesome/l: Anon                        :   254  : 0.0007 : 0.0   :   12 |
| /usr/share/awesome/l: add_context                 :   301  : 0.0007 : 0.0   :   31 |
| /usr/share/awesome/l: get_by_coord                :    69  : 0.0007 : 0.0   :   34 |
| /home/zingle/.config: Anon                        :     3  : 0.0007 : 0.0   :    4 |
| /usr/share/awesome/l: get_screen                  :   134  : 0.0007 : 0.0   :   51 |
| /usr/share/awesome/l: register_event              :    45  : 0.0007 : 0.0   :    6 |
| /usr/share/awesome/l: update_cursor               :    27  : 0.0007 : 0.0   :   12 |
| /usr/share/awesome/l: selector                    :   778  : 0.0007 : 0.0   :   42 |
| /usr/share/awesome/l: remove_border               :   813  : 0.0007 : 0.0   :   17 |
| ...le/.config/awesom: func                        :    84  : 0.0006 : 0.0   :   13 |
| /usr/share/awesome/l: get_screen                  :    71  : 0.0006 : 0.0   :  130 |
| /usr/share/awesome/l: get_count                   :   289  : 0.0006 : 0.0   :  124 |
| /usr/share/awesome/l: setslave                    :   391  : 0.0006 : 0.0   :    1 |
| /usr/share/awesome/l: subset_next                 :    21  : 0.0006 : 0.0   :  140 |
| /usr/share/awesome/l: get_screen                  :    41  : 0.0006 : 0.0   :   36 |
| /usr/share/awesome/l: get_closest_by_coord        :    45  : 0.0006 : 0.0   :    4 |
| /usr/share/awesome/l: get_screen                  :    17  : 0.0005 : 0.0   :   42 |
| /usr/share/lua/5.3/l: connect_signal              :   297  : 0.0005 : 0.0   :   15 |
| /usr/share/awesome/l: Anon                        :   394  : 0.0005 : 0.0   :   32 |
| /usr/share/awesome/l: Anon                        :    92  : 0.0005 : 0.0   :   10 |
| /usr/share/lua/5.3/l: __index                     :   206  : 0.0005 : 0.0   :    8 |
| /usr/share/awesome/l: Anon                        :   467  : 0.0005 : 0.0   :   87 |
| /usr/share/awesome/l: deprecate                   :    87  : 0.0005 : 0.0   :   14 |
| /home/zingle/.config: callback                    :   176  : 0.0005 : 0.0   :    1 |
| /usr/share/awesome/l: sum_values                  :   235  : 0.0005 : 0.0   :    8 |
| /usr/share/awesome/l: get_children                :    86  : 0.0004 : 0.0   :   59 |
| /usr/share/awesome/l: apply_size_hints            :   161  : 0.0004 : 0.0   :    9 |
| /usr/share/awesome/l: delete                      :    49  : 0.0004 : 0.0   :   13 |
| /usr/share/awesome/l: match                       :   206  : 0.0004 : 0.0   :   24 |
| /usr/share/awesome/l: Anon                        :   610  : 0.0004 : 0.0   :    4 |
| /usr/share/awesome/l: custom_layouts              :    78  : 0.0004 : 0.0   :   18 |
| /usr/share/awesome/l: should_display_on           :    35  : 0.0004 : 0.0   :   26 |
| /home/zingle/.config: rounded_rect                :     7  : 0.0004 : 0.0   :   21 |
| /usr/share/awesome/l: Anon                        :   717  : 0.0004 : 0.0   :    4 |
| /usr/share/awesome/l: get_valid_tags              :   208  : 0.0004 : 0.0   :    4 |
| /usr/share/awesome/l: Anon                        :  1550  : 0.0004 : 0.0   :    4 |
| /usr/share/awesome/l: Anon                        :   677  : 0.0003 : 0.0   :    4 |
| /usr/share/lua/5.3/l: async_element               :   105  : 0.0003 : 0.0   :    8 |
| /usr/share/awesome/l: source                      :   834  : 0.0003 : 0.0   :   19 |
| /home/zingle/.config: screen_equal                :   111  : 0.0003 : 0.0   :    2 |
| ...gle/.config/aweso: uppercase_first_letters     :     4  : 0.0003 : 0.0   :   10 |
| /home/zingle/.config: Anon                        :    13  : 0.0003 : 0.0   :    4 |
| /usr/share/awesome/l: Anon                        :   487  : 0.0003 : 0.0   :    1 |
| /usr/share/awesome/l: u                           :   590  : 0.0003 : 0.0   :    8 |
| /usr/share/awesome/l: hasitem                     :    95  : 0.0003 : 0.0   :   18 |
| /usr/share/awesome/l: _inform_visible             :   301  : 0.0003 : 0.0   :   18 |
| /usr/share/lua/5.3/l: loader                      :    37  : 0.0003 : 0.0   :    1 |
| /usr/share/lua/5.3/l: uncamel                     :    18  : 0.0003 : 0.0   :    6 |
| ...ngle/.config/awes: Anon                        :    45  : 0.0003 : 0.0   :    2 |
| /usr/share/awesome/l: Anon                        :    50  : 0.0003 : 0.0   :    6 |
| /usr/share/awesome/l: focus                       :    78  : 0.0003 : 0.0   :    4 |
| /home/zingle/.config: keys_equal                  :    91  : 0.0003 : 0.0   :    2 |
| /usr/share/lua/5.3/l: load                        :    24  : 0.0003 : 0.0   :    1 |
| ...ig/awesome/src/wi: Anon                        :    25  : 0.0003 : 0.0   :    8 |
| /home/zingle/.config: assert_call_from_class      :     2  : 0.0003 : 0.0   :   10 |
| /usr/share/awesome/l: set_widget                  :   298  : 0.0003 : 0.0   :    7 |
| /usr/share/awesome/l: callback                    :   446  : 0.0003 : 0.0   :    4 |
| /usr/share/awesome/l: unregister_event            :    35  : 0.0003 : 0.0   :    6 |
| /usr/share/awesome/l: get_titlebar_function       :   500  : 0.0003 : 0.0   :   19 |
| ...config/awesome/sr: iter                        :    83  : 0.0003 : 0.0   :   60 |
| /home/zingle/.config: ensure_decoration_color     :     7  : 0.0003 : 0.0   :    4 |
| /usr/share/lua/5.3/l: loader                      :    41  : 0.0002 : 0.0   :    1 |
| /usr/share/awesome/l: getname                     :   253  : 0.0002 : 0.0   :   52 |
| /usr/share/awesome/l: Anon                        :   277  : 0.0002 : 0.0   :    4 |
| /usr/share/awesome/l: shape                       :   458  : 0.0002 : 0.0   :    1 |
| /usr/share/awesome/l: value                       :   245  : 0.0002 : 0.0   :    4 |
| /home/zingle/.config: encode                      :   134  : 0.0002 : 0.0   :    1 |
| /usr/share/awesome/l: Anon                        :   180  : 0.0002 : 0.0   :    2 |
| /usr/share/awesome/l: Anon                        :  1546  : 0.0002 : 0.0   :    4 |
| /usr/share/awesome/l: Anon                        :    75  : 0.0002 : 0.0   : 1853 |
| /home/zingle/.config: func                        :    41  : 0.0002 : 0.0   :    1 |
| /usr/share/awesome/l: Anon                        :  1375  : 0.0002 : 0.0   :    4 |
| /usr/share/awesome/l: attach                      :   534  : 0.0002 : 0.0   :   16 |
| /usr/share/awesome/l: transform                   :    23  : 0.0002 : 0.0   :   17 |
| /usr/share/lua/5.3/l: xform_value                 :    82  : 0.0002 : 0.0   :    4 |
| /usr/share/awesome/l: selector                    :   791  : 0.0002 : 0.0   :   42 |
| /usr/share/awesome/l: ?                           :   440  : 0.0002 : 0.0   :    5 |
| /usr/share/awesome/l: selector                    :   800  : 0.0002 : 0.0   :   42 |
| /usr/share/awesome/l: set_widget                  :   228  : 0.0002 : 0.0   :    7 |
| /home/zingle/.config: Anon                        :    15  : 0.0002 : 0.0   :    1 |
| /usr/share/awesome/l: get_font_height             :   179  : 0.0002 : 0.0   :    7 |
| /usr/share/awesome/l: screen                      :   245  : 0.0002 : 0.0   :    4 |
| /usr/share/awesome/l: buttons                     :    27  : 0.0002 : 0.0   :   34 |
| /usr/share/awesome/l: Anon                        :   264  : 0.0002 : 0.0   :    4 |
| /usr/share/awesome/l: getdata                     :  1455  : 0.0002 : 0.0   :   13 |
| .../.config/awesome/: get_decoration_color        :     5  : 0.0002 : 0.0   :    6 |
| /usr/share/awesome/l: func                        :   180  : 0.0002 : 0.0   :    1 |
| /usr/share/awesome/l: Anon                        :   398  : 0.0001 : 0.0   :   13 |
| /home/zingle/.config: Anon                        :    20  : 0.0001 : 0.0   :    4 |
| /usr/share/awesome/l: is_fixed                    :   710  : 0.0001 : 0.0   :    8 |
| /usr/share/awesome/l: Anon                        :   308  : 0.0001 : 0.0   :    3 |
| /usr/share/awesome/l: add                         :    92  : 0.0001 : 0.0   :    3 |
| /usr/share/awesome/l: get_direction               :   351  : 0.0001 : 0.0   :   34 |
| /usr/share/awesome/l: Anon                        :   553  : 0.0001 : 0.0   :    6 |
| /usr/share/awesome/l: Anon                        :   724  : 0.0001 : 0.0   :    1 |
| /usr/share/awesome/l: round                       :    78  : 0.0001 : 0.0   :   10 |
| /usr/share/awesome/l: apply_geometry_ajustments   :    38  : 0.0001 : 0.0   :   22 |
| /usr/share/awesome/l: get_current_wibox           :   293  : 0.0001 : 0.0   :    5 |
| /usr/share/awesome/l: Anon                        :   676  : 0.0001 : 0.0   :    4 |
| /usr/share/awesome/l: get_square_distance         :    25  : 0.0001 : 0.0   :   18 |
| /usr/share/awesome/l: f                           :   228  : 0.0001 : 0.0   :    7 |
| /usr/share/awesome/l: get_screen                  :    31  : 0.0001 : 0.0   :    8 |
| ...ngle/.config/awes: Anon                        :    56  : 0.0001 : 0.0   :    2 |
| /usr/share/awesome/l: ?                           :   281  : 0.0001 : 0.0   :    5 |
| /usr/share/awesome/l: Anon                        :   117  : 0.0001 : 0.0   :    2 |
| ...e/zingle/.config/: Anon                        :    63  : 0.0001 : 0.0   :    1 |
| ...src/widgets/apple: Anon                        :    12  : 0.0001 : 0.0   :   20 |
| /usr/share/lua/5.3/l: get_closure_marshaller      :   176  : 0.0001 : 0.0   :   15 |
| /usr/share/awesome/l: u                           :   693  : 0.0001 : 0.0   :    1 |
| /usr/share/awesome/l: ?                           :   261  : 0.0001 : 0.0   :   13 |
| /usr/share/awesome/l: ?                           :    27  : 0.0001 : 0.0   :   14 |
| /usr/share/awesome/l: ?                           :    25  : 0.0001 : 0.0   :    6 |
| /usr/share/awesome/l: get_wibox                   :   548  : 0.0001 : 0.0   :    8 |
| /usr/share/awesome/l: Anon                        :    87  : 0.0001 : 0.0   :    3 |
| /usr/share/awesome/l: Anon                        :   383  : 0.0001 : 0.0   :    4 |
| /usr/share/awesome/l: set_halign                  :   133  : 0.0001 : 0.0   :    8 |
| /usr/share/awesome/l: get_screen                  :   425  : 0.0001 : 0.0   :    5 |
| /usr/share/awesome/l: set_valign                  :   124  : 0.0001 : 0.0   :    8 |
| ...config/awesome/sr: list_iter                   :    80  : 0.0001 : 0.0   :   10 |
--------------------------------------------------------------------------------------
| /usr/share/awesome/l: callback                    :   422  : ~      : ~     :    4 |
| /usr/share/awesome/l: Anon                        :  1579  : ~      : ~     :    4 |
| /usr/share/awesome/l: get_cross_sections          :   647  : ~      : ~     :    4 |
| /usr/share/awesome/l: Anon                        :   838  : ~      : ~     :    1 |
| /usr/share/awesome/l: get_parent_geometry         :   447  : ~      : ~     :   28 |
| /usr/share/lua/5.3/l: for iterator                :   101  : ~      : ~     :    3 |
| .../awesome/src/widg: get_data_size_suffix        :    22  : ~      : ~     :    2 |
| ...ngle/.config/awes: Anon                        :    77  : ~      : ~     :    4 |
| /usr/share/awesome/l: set_floating                :   657  : ~      : ~     :    1 |
| /home/zingle/.config: fn                          :   131  : ~      : ~     :    7 |
| /home/zingle/.config: encode                      :   124  : ~      : ~     :    6 |
| /usr/share/awesome/l: Anon                        :  1586  : ~      : ~     :    1 |
| .../zingle/.config/a: get_current_identifier      :   107  : ~      : ~     :    6 |
| /usr/share/awesome/l: ?                           :   287  : ~      : ~     :    3 |
| /home/zingle/.config: kill                        :    34  : ~      : ~     :    1 |
| /usr/share/awesome/l: ?                           :   293  : ~      : ~     :    2 |
| /usr/share/awesome/l: _force_screen               :   297  : ~      : ~     :    5 |
| /usr/share/awesome/l: Anon                        :  1157  : ~      : ~     :    1 |
| /usr/share/lua/5.3/l: xform_name                  :    65  : ~      : ~     :    1 |
| /usr/share/awesome/l: place_widget_via_matrix     :   399  : ~      : ~     :    3 |
| /home/zingle/.config: callback                    :    37  : ~      : ~     :    2 |
| /usr/share/awesome/l: get_screen                  :   118  : ~      : ~     :    1 |
| /usr/share/awesome/l: Anon                        :   593  : ~      : ~     :    1 |
| /home/zingle/.config: Anon                        :    50  : ~      : ~     :    1 |
| /home/zingle/.config: mutator                     :    58  : ~      : ~     :    1 |
| ...ngle/.config/awes: func                        :    30  : ~      : ~     :    2 |
| /usr/share/awesome/l: ?                           :   284  : ~      : ~     :    1 |
| /usr/share/awesome/l: ?                           :   291  : ~      : ~     :    1 |
| /usr/share/awesome/l: Anon                        :   203  : ~      : ~     :    2 |
| /usr/share/awesome/l: ?                           :   283  : ~      : ~     :    1 |
| /usr/share/awesome/l: get_maximum                 :   272  : ~      : ~     :    2 |
| /usr/share/awesome/l: ?                           :   294  : ~      : ~     :    1 |
| /usr/share/awesome/l: ?                           :   289  : ~      : ~     :    1 |
| /usr/share/awesome/l: ?                           :   285  : ~      : ~     :    1 |
| /usr/share/awesome/l: ?                           :   292  : ~      : ~     :    1 |
| /usr/share/awesome/l: get_minimum                 :   272  : ~      : ~     :    2 |
| /usr/share/awesome/l: ?                           :   290  : ~      : ~     :    1 |
| /usr/share/awesome/l: ?                           :   286  : ~      : ~     :    1 |
| /usr/share/awesome/l: Anon                        :   515  : ~      : ~     :    1 |
| /usr/share/awesome/l: ?                           :   288  : ~      : ~     :    1 |
| /home/zingle/.config: callback                    :    87  : ~      : ~     :    1 |
| /usr/share/awesome/l: arrange                     :   102  : ~      : ~     :    1 |
| /usr/share/awesome/l: Anon                        :   823  : ~      : ~     :    1 |
| /usr/share/awesome/l: _unmanage                   :   680  : ~      : ~     :    1 |
| /home/zingle/.config: Anon                        :   497  : ~      : ~     :    1 |
| /home/zingle/.config: report                      :   233  : ~      : ~     :    1 |
| /usr/share/awesome/l: layout                      :   187  : ~      : ~     :    2 |
| /usr/share/awesome/l: translate                   :    69  : ~      : ~     :    1 |
| /usr/share/awesome/l: layout                      :   374  : ~      : ~     :    2 |
| ...onfig/awesome/src: cpu_arc                     :     7  : ~      : ~     :    8 |
| /home/zingle/.config: gtk_menu_item               :    13  : ~      : ~     :    5 |
| /usr/share/awesome/l: func                        :   668  : ~      : ~     :   14 |
| /usr/share/awesome/l: wibox                       :   634  : ~      : ~     :    7 |
| /usr/share/awesome/l: create_rotate               :    49  : ~      : ~     :    1 |
| /home/zingle/.config: Anon                        :   140  : ~      : ~     :    3 |
| /usr/share/awesome/l: get_matrix_from_device      :   258  : ~      : ~     :  646 |
| /usr/share/awesome/l: func                        :   665  : ~      : ~     :   14 |
| ...e/zingle/.config/: Anon                        :    57  : ~      : ~     :    3 |
| /usr/share/awesome/l: crush                       :   329  : ~      : ~     :   14 |
| ...zingle/.config/aw: Anon                        :    47  : ~      : ~     :    4 |
| /usr/share/awesome/l: layout                      :   360  : ~      : ~     :    8 |
| /usr/share/awesome/l: find_widgets                :   320  : ~      : ~     :    4 |
| /usr/share/awesome/l: layout                      :   196  : ~      : ~     :    8 |
| /usr/share/awesome/l: gtimer                      :   245  : ~      : ~     :    8 |
| /usr/share/awesome/l: next_to                     :   220  : ~      : ~     :    4 |
| /usr/share/awesome/l: rotate                      :    84  : ~      : ~     :    1 |
| /usr/share/awesome/l: _creation_cb                :   252  : ~      : ~     :  304 |
| /usr/share/awesome/l: layout                      :   385  : ~      : ~     :   26 |
| /usr/share/awesome/l: agnostic_spawn              :   558  : ~      : ~     :   15 |
| /usr/share/awesome/l: value                       :   220  : ~      : ~     :    2 |
| /usr/share/awesome/l: surface                     :   122  : ~      : ~     :   36 |
| /usr/share/awesome/l: drawable                    :   503  : ~      : ~     :   11 |
| /usr/share/lua/5.3/l: ImageSurface                :   136  : ~      : ~     :   94 |
| /usr/share/awesome/l: titlebar                    :   827  : ~      : ~     :    7 |
| /usr/share/lua/5.3/l: Context                     :   136  : ~      : ~     :  198 |
| /home/zingle/.config: _shape                      :    10  : ~      : ~     :   60 |
| /usr/share/awesome/l: no_offscreen                :   220  : ~      : ~     :    1 |
| /home/zingle/.config: bar_shape                   :    10  : ~      : ~     :    5 |
| /home/zingle/.config: background_shape            :    10  : ~      : ~     :   34 |
| ...config/awesome/sr: get_preferred_size          :    10  : ~      : ~     :    1 |
| /home/zingle/.config: shape                       :    10  : ~      : ~     :  295 |
| /usr/share/lua/5.3/l: Color                       :   136  : ~      : ~     :  124 |
| /usr/share/awesome/l: label                       :   474  : ~      : ~     :  153 |
| /usr/share/awesome/l: protected_call              :    51  : ~      : ~     : 10834|
| /usr/share/awesome/l: create_translate            :    34  : ~      : ~     : 1923 |
| /usr/share/awesome/l: _creation_cb                :   219  : ~      : ~     : 8550 |
| /usr/share/awesome/l: place_widget_at             :   419  : ~      : ~     : 1922 |
| /usr/share/lua/5.3/l: RectangleInt                :   136  : ~      : ~     : 3573 |
| /usr/share/lua/5.3/l: ?                           :   136  : ~      : ~     :  291 |
| /usr/share/lua/5.3/l: Matrix                      :   136  : ~      : ~     : 3646 |
| /usr/share/awesome/l: object                      :   301  : ~      : ~     :  793 |
| /usr/share/awesome/l: imagebox                    :   187  : ~      : ~     :   21 |
| /usr/share/awesome/l: closebutton                 :   799  : ~      : ~     :    7 |
| /usr/share/awesome/l: button                      :    56  : ~      : ~     :   14 |
| /usr/share/awesome/l: atooltip                    :   799  : ~      : ~     :   21 |
| /usr/share/awesome/l: timer                       :   245  : ~      : ~     :   21 |
| /usr/share/awesome/l: dpi                         :   135  : ~      : ~     :   50 |
| /usr/share/awesome/l: Anon                        :   598  : ~      : ~     :   25 |
| /usr/share/awesome/l: load_uncached_silently      :    39  : ~      : ~     :   20 |
| /usr/share/awesome/l: widget                      :    27  : ~      : ~     :  376 |
| /usr/share/awesome/l: abutton                     :    56  : ~      : ~     :   21 |
| /usr/share/awesome/l: load                        :   118  : ~      : ~     :  492 |
| /usr/share/awesome/l: layout                      :   418  : ~      : ~     :  195 |
| /usr/share/awesome/l: layout                      :   211  : ~      : ~     :  232 |
| /usr/share/awesome/l: color                       :   362  : ~      : ~     :  625 |
| /usr/share/awesome/l: layout                      :   315  : ~      : ~     :  197 |
| /usr/share/lua/5.3/l: Anon                        :   136  : ~      : ~     :  871 |
| /usr/share/lua/5.3/l: Closure                     :   136  : ~      : ~     :   15 |
| /home/zingle/.config: canonical_menu_item         :    13  : ~      : ~     :    5 |
| /usr/share/lua/5.3/l: Value                       :   136  : ~      : ~     :   87 |
| /home/zingle/.config: new_smart_proxy             :    85  : ~      : ~     :   15 |
| /usr/share/awesome/l: done_callback               :   531  : ~      : ~     : 1365 |
| /usr/share/awesome/l: Anon                        :   220  : ~      : ~     :  128 |
| /home/zingle/.config: new_proxy                   :    52  : ~      : ~     :   15 |
| /usr/share/lua/5.3/l: GVariant                    :   136  : ~      : ~     :  391 |
| /usr/share/awesome/l: spawn                       :   803  : ~      : ~     :    3 |
| /usr/share/awesome/l: easy_async_with_shell       :   558  : ~      : ~     :    1 |
| /home/zingle/.config: wal                         :    48  : ~      : ~     :  181 |
| /usr/share/awesome/l: easy_async                  :   508  : ~      : ~     : 1340 |
| ...le/.config/awesom: create_slider_bg            :    20  : ~      : ~     :    2 |
| /usr/share/awesome/l: rect_to_device_geometry     :   265  : ~      : ~     :    3 |
| /usr/share/lua/5.3/l: load_properties             :    89  : ~      : ~     :    6 |
| /usr/share/awesome/l: label                       :   559  : ~      : ~     :   18 |
| /usr/share/awesome/l: tooltip                     :   799  : ~      : ~     :    4 |
| /usr/share/awesome/l: Anon                        :    97  : ~      : ~     : 1680 |
| /home/zingle/.config: isdir                       :    31  : ~      : ~     :   71 |
| /home/zingle/.config: clip_shape                  :    10  : ~      : ~     :    1 |
| /usr/share/awesome/l: clienticon                  :   323  : ~      : ~     :    4 |
| /home/zingle/.config: layout                      :    11  : ~      : ~     :    4 |
| /home/zingle/.config: arbitrary_icon              :    11  : ~      : ~     :    4 |
| /home/zingle/.config: stop                        :   225  : ~      : ~     :    1 |
| /usr/share/awesome/l: gsurface                    :   122  : ~      : ~     :   10 |
| /usr/share/awesome/l: Anon                        :   599  : ~      : ~     :   18 |
| /usr/share/awesome/l: focused                     :   264  : ~      : ~     :   14 |
| /usr/share/awesome/l: pf                          :   220  : ~      : ~     :   11 |
| ...ig/awesome/src/wi: Anon                        :    21  : ~      : ~     :   37 |
| /home/zingle/.config: parse                       :   365  : ~      : ~     : 8618 |
--------------------------------------------------------------------------------------
